<?xml version="1.0" encoding="UTF-8"?>
<testsuite xmlns:xsi="http://www.w3.org/2001/XMLSchema-instance" xsi:noNamespaceSchemaLocation="https://maven.apache.org/surefire/maven-surefire-plugin/xsd/surefire-test-report.xsd" version="3.0.2" name="calculator.TestApi" time="0.139" tests="9" errors="0" skipped="0" failures="0">
  <properties>
    <property name="java.specification.version" value="21"/>
    <property name="sun.jnu.encoding" value="UTF-8"/>
    <property name="java.class.path" value="/home/christian/Umons/Software_evol/calculator-cucumber-2025/target/test-classes:/home/christian/Umons/Software_evol/calculator-cucumber-2025/target/classes:/home/christian/.m2/repository/org/junit/jupiter/junit-jupiter/5.11.4/junit-jupiter-5.11.4.jar:/home/christian/.m2/repository/org/junit/jupiter/junit-jupiter-api/5.11.4/junit-jupiter-api-5.11.4.jar:/home/christian/.m2/repository/org/opentest4j/opentest4j/1.3.0/opentest4j-1.3.0.jar:/home/christian/.m2/repository/org/junit/platform/junit-platform-commons/1.11.4/junit-platform-commons-1.11.4.jar:/home/christian/.m2/repository/org/junit/jupiter/junit-jupiter-params/5.11.4/junit-jupiter-params-5.11.4.jar:/home/christian/.m2/repository/org/junit/jupiter/junit-jupiter-engine/5.11.4/junit-jupiter-engine-5.11.4.jar:/home/christian/.m2/repository/org/junit/platform/junit-platform-suite/1.11.4/junit-platform-suite-1.11.4.jar:/home/christian/.m2/repository/org/junit/platform/junit-platform-suite-api/1.11.4/junit-platform-suite-api-1.11.4.jar:/home/christian/.m2/repository/org/junit/platform/junit-platform-suite-engine/1.11.4/junit-platform-suite-engine-1.11.4.jar:/home/christian/.m2/repository/org/junit/platform/junit-platform-suite-commons/1.11.4/junit-platform-suite-commons-1.11.4.jar:/home/christian/.m2/repository/org/junit/platform/junit-platform-launcher/1.11.4/junit-platform-launcher-1.11.4.jar:/home/christian/.m2/repository/org/springframework/boot/spring-boot-starter-web/3.4.4/spring-boot-starter-web-3.4.4.jar:/home/christian/.m2/repository/org/springframework/boot/spring-boot-starter/3.2.3/spring-boot-starter-3.2.3.jar:/home/christian/.m2/repository/org/springframework/boot/spring-boot/3.2.3/spring-boot-3.2.3.jar:/home/christian/.m2/repository/org/springframework/boot/spring-boot-autoconfigure/3.2.3/spring-boot-autoconfigure-3.2.3.jar:/home/christian/.m2/repository/org/springframework/boot/spring-boot-starter-logging/3.2.3/spring-boot-starter-logging-3.2.3.jar:/home/christian/.m2/repository/ch/qos/logback/logback-classic/1.4.5/logback-classic-1.4.5.jar:/home/christian/.m2/repository/ch/qos/logback/logback-core/1.4.5/logback-core-1.4.5.jar:/home/christian/.m2/repository/org/apache/logging/log4j/log4j-to-slf4j/2.21.1/log4j-to-slf4j-2.21.1.jar:/home/christian/.m2/repository/org/apache/logging/log4j/log4j-api/2.21.1/log4j-api-2.21.1.jar:/home/christian/.m2/repository/org/slf4j/jul-to-slf4j/2.0.6/jul-to-slf4j-2.0.6.jar:/home/christian/.m2/repository/jakarta/annotation/jakarta.annotation-api/2.1.1/jakarta.annotation-api-2.1.1.jar:/home/christian/.m2/repository/org/yaml/snakeyaml/2.2/snakeyaml-2.2.jar:/home/christian/.m2/repository/org/springframework/boot/spring-boot-starter-json/3.2.3/spring-boot-starter-json-3.2.3.jar:/home/christian/.m2/repository/com/fasterxml/jackson/core/jackson-databind/2.15.4/jackson-databind-2.15.4.jar:/home/christian/.m2/repository/com/fasterxml/jackson/core/jackson-annotations/2.15.4/jackson-annotations-2.15.4.jar:/home/christian/.m2/repository/com/fasterxml/jackson/core/jackson-core/2.15.4/jackson-core-2.15.4.jar:/home/christian/.m2/repository/com/fasterxml/jackson/datatype/jackson-datatype-jdk8/2.15.4/jackson-datatype-jdk8-2.15.4.jar:/home/christian/.m2/repository/com/fasterxml/jackson/datatype/jackson-datatype-jsr310/2.15.4/jackson-datatype-jsr310-2.15.4.jar:/home/christian/.m2/repository/com/fasterxml/jackson/module/jackson-module-parameter-names/2.15.4/jackson-module-parameter-names-2.15.4.jar:/home/christian/.m2/repository/org/springframework/boot/spring-boot-starter-tomcat/3.2.3/spring-boot-starter-tomcat-3.2.3.jar:/home/christian/.m2/repository/org/apache/tomcat/embed/tomcat-embed-core/10.1.19/tomcat-embed-core-10.1.19.jar:/home/christian/.m2/repository/org/apache/tomcat/embed/tomcat-embed-el/10.1.19/tomcat-embed-el-10.1.19.jar:/home/christian/.m2/repository/org/apache/tomcat/embed/tomcat-embed-websocket/10.1.19/tomcat-embed-websocket-10.1.19.jar:/home/christian/.m2/repository/org/springframework/spring-web/6.1.4/spring-web-6.1.4.jar:/home/christian/.m2/repository/org/springframework/spring-beans/6.1.4/spring-beans-6.1.4.jar:/home/christian/.m2/repository/io/micrometer/micrometer-observation/1.12.3/micrometer-observation-1.12.3.jar:/home/christian/.m2/repository/io/micrometer/micrometer-commons/1.12.3/micrometer-commons-1.12.3.jar:/home/christian/.m2/repository/org/springframework/spring-webmvc/6.1.4/spring-webmvc-6.1.4.jar:/home/christian/.m2/repository/org/springframework/spring-aop/6.1.4/spring-aop-6.1.4.jar:/home/christian/.m2/repository/org/springframework/spring-context/6.1.4/spring-context-6.1.4.jar:/home/christian/.m2/repository/org/springframework/spring-expression/6.1.4/spring-expression-6.1.4.jar:/home/christian/.m2/repository/io/cucumber/cucumber-java/7.20.1/cucumber-java-7.20.1.jar:/home/christian/.m2/repository/io/cucumber/cucumber-core/7.20.1/cucumber-core-7.20.1.jar:/home/christian/.m2/repository/io/cucumber/cucumber-gherkin/7.20.1/cucumber-gherkin-7.20.1.jar:/home/christian/.m2/repository/io/cucumber/cucumber-gherkin-messages/7.20.1/cucumber-gherkin-messages-7.20.1.jar:/home/christian/.m2/repository/io/cucumber/gherkin/28.0.0/gherkin-28.0.0.jar:/home/christian/.m2/repository/io/cucumber/messages/24.1.0/messages-24.1.0.jar:/home/christian/.m2/repository/io/cucumber/testng-xml-formatter/0.2.0/testng-xml-formatter-0.2.0.jar:/home/christian/.m2/repository/io/cucumber/query/12.2.0/query-12.2.0.jar:/home/christian/.m2/repository/io/cucumber/tag-expressions/6.1.0/tag-expressions-6.1.0.jar:/home/christian/.m2/repository/io/cucumber/cucumber-expressions/17.1.0/cucumber-expressions-17.1.0.jar:/home/christian/.m2/repository/io/cucumber/datatable/7.20.1/datatable-7.20.1.jar:/home/christian/.m2/repository/io/cucumber/cucumber-plugin/7.20.1/cucumber-plugin-7.20.1.jar:/home/christian/.m2/repository/io/cucumber/docstring/7.20.1/docstring-7.20.1.jar:/home/christian/.m2/repository/io/cucumber/html-formatter/21.7.0/html-formatter-21.7.0.jar:/home/christian/.m2/repository/io/cucumber/junit-xml-formatter/0.5.0/junit-xml-formatter-0.5.0.jar:/home/christian/.m2/repository/io/cucumber/ci-environment/10.0.1/ci-environment-10.0.1.jar:/home/christian/.m2/repository/org/apiguardian/apiguardian-api/1.1.2/apiguardian-api-1.1.2.jar:/home/christian/.m2/repository/org/slf4j/slf4j-api/2.0.9/slf4j-api-2.0.9.jar:/home/christian/.m2/repository/org/springframework/boot/spring-boot-starter-test/3.2.3/spring-boot-starter-test-3.2.3.jar:/home/christian/.m2/repository/org/springframework/boot/spring-boot-test/3.2.3/spring-boot-test-3.2.3.jar:/home/christian/.m2/repository/org/springframework/boot/spring-boot-test-autoconfigure/3.2.3/spring-boot-test-autoconfigure-3.2.3.jar:/home/christian/.m2/repository/com/jayway/jsonpath/json-path/2.9.0/json-path-2.9.0.jar:/home/christian/.m2/repository/jakarta/xml/bind/jakarta.xml.bind-api/4.0.1/jakarta.xml.bind-api-4.0.1.jar:/home/christian/.m2/repository/jakarta/activation/jakarta.activation-api/2.1.2/jakarta.activation-api-2.1.2.jar:/home/christian/.m2/repository/net/minidev/json-smart/2.5.0/json-smart-2.5.0.jar:/home/christian/.m2/repository/net/minidev/accessors-smart/2.5.0/accessors-smart-2.5.0.jar:/home/christian/.m2/repository/org/ow2/asm/asm/9.3/asm-9.3.jar:/home/christian/.m2/repository/org/assertj/assertj-core/3.24.2/assertj-core-3.24.2.jar:/home/christian/.m2/repository/net/bytebuddy/byte-buddy/1.14.12/byte-buddy-1.14.12.jar:/home/christian/.m2/repository/org/awaitility/awaitility/4.2.0/awaitility-4.2.0.jar:/home/christian/.m2/repository/org/hamcrest/hamcrest/2.2/hamcrest-2.2.jar:/home/christian/.m2/repository/org/mockito/mockito-core/5.7.0/mockito-core-5.7.0.jar:/home/christian/.m2/repository/net/bytebuddy/byte-buddy-agent/1.14.12/byte-buddy-agent-1.14.12.jar:/home/christian/.m2/repository/org/objenesis/objenesis/3.3/objenesis-3.3.jar:/home/christian/.m2/repository/org/mockito/mockito-junit-jupiter/5.7.0/mockito-junit-jupiter-5.7.0.jar:/home/christian/.m2/repository/org/skyscreamer/jsonassert/1.5.1/jsonassert-1.5.1.jar:/home/christian/.m2/repository/com/vaadin/external/google/android-json/0.0.20131108.vaadin1/android-json-0.0.20131108.vaadin1.jar:/home/christian/.m2/repository/org/springframework/spring-core/6.1.4/spring-core-6.1.4.jar:/home/christian/.m2/repository/org/springframework/spring-jcl/6.1.4/spring-jcl-6.1.4.jar:/home/christian/.m2/repository/org/springframework/spring-test/6.1.4/spring-test-6.1.4.jar:/home/christian/.m2/repository/org/xmlunit/xmlunit-core/2.9.1/xmlunit-core-2.9.1.jar:/home/christian/.m2/repository/io/cucumber/cucumber-junit-platform-engine/7.20.1/cucumber-junit-platform-engine-7.20.1.jar:/home/christian/.m2/repository/org/junit/platform/junit-platform-engine/1.11.4/junit-platform-engine-1.11.4.jar:"/>
    <property name="java.vm.vendor" value="Eclipse Adoptium"/>
    <property name="sun.arch.data.model" value="64"/>
    <property name="java.vendor.url" value="https://adoptium.net/"/>
    <property name="user.timezone" value="Europe/Brussels"/>
    <property name="os.name" value="Linux"/>
    <property name="java.vm.specification.version" value="21"/>
    <property name="sun.java.launcher" value="SUN_STANDARD"/>
    <property name="user.country" value="US"/>
    <property name="sun.boot.library.path" value="/home/christian/.sdkman/candidates/java/21.0.2-tem/lib"/>
    <property name="sun.java.command" value="/home/christian/Umons/Software_evol/calculator-cucumber-2025/target/surefire/surefirebooter-20250511215412780_3.jar /home/christian/Umons/Software_evol/calculator-cucumber-2025/target/surefire 2025-05-11T21-54-12_703-jvmRun1 surefire-20250511215412780_1tmp surefire_0-20250511215412780_2tmp"/>
    <property name="jdk.debug" value="release"/>
    <property name="surefire.test.class.path" value="/home/christian/Umons/Software_evol/calculator-cucumber-2025/target/test-classes:/home/christian/Umons/Software_evol/calculator-cucumber-2025/target/classes:/home/christian/.m2/repository/org/junit/jupiter/junit-jupiter/5.11.4/junit-jupiter-5.11.4.jar:/home/christian/.m2/repository/org/junit/jupiter/junit-jupiter-api/5.11.4/junit-jupiter-api-5.11.4.jar:/home/christian/.m2/repository/org/opentest4j/opentest4j/1.3.0/opentest4j-1.3.0.jar:/home/christian/.m2/repository/org/junit/platform/junit-platform-commons/1.11.4/junit-platform-commons-1.11.4.jar:/home/christian/.m2/repository/org/junit/jupiter/junit-jupiter-params/5.11.4/junit-jupiter-params-5.11.4.jar:/home/christian/.m2/repository/org/junit/jupiter/junit-jupiter-engine/5.11.4/junit-jupiter-engine-5.11.4.jar:/home/christian/.m2/repository/org/junit/platform/junit-platform-suite/1.11.4/junit-platform-suite-1.11.4.jar:/home/christian/.m2/repository/org/junit/platform/junit-platform-suite-api/1.11.4/junit-platform-suite-api-1.11.4.jar:/home/christian/.m2/repository/org/junit/platform/junit-platform-suite-engine/1.11.4/junit-platform-suite-engine-1.11.4.jar:/home/christian/.m2/repository/org/junit/platform/junit-platform-suite-commons/1.11.4/junit-platform-suite-commons-1.11.4.jar:/home/christian/.m2/repository/org/junit/platform/junit-platform-launcher/1.11.4/junit-platform-launcher-1.11.4.jar:/home/christian/.m2/repository/org/springframework/boot/spring-boot-starter-web/3.4.4/spring-boot-starter-web-3.4.4.jar:/home/christian/.m2/repository/org/springframework/boot/spring-boot-starter/3.2.3/spring-boot-starter-3.2.3.jar:/home/christian/.m2/repository/org/springframework/boot/spring-boot/3.2.3/spring-boot-3.2.3.jar:/home/christian/.m2/repository/org/springframework/boot/spring-boot-autoconfigure/3.2.3/spring-boot-autoconfigure-3.2.3.jar:/home/christian/.m2/repository/org/springframework/boot/spring-boot-starter-logging/3.2.3/spring-boot-starter-logging-3.2.3.jar:/home/christian/.m2/repository/ch/qos/logback/logback-classic/1.4.5/logback-classic-1.4.5.jar:/home/christian/.m2/repository/ch/qos/logback/logback-core/1.4.5/logback-core-1.4.5.jar:/home/christian/.m2/repository/org/apache/logging/log4j/log4j-to-slf4j/2.21.1/log4j-to-slf4j-2.21.1.jar:/home/christian/.m2/repository/org/apache/logging/log4j/log4j-api/2.21.1/log4j-api-2.21.1.jar:/home/christian/.m2/repository/org/slf4j/jul-to-slf4j/2.0.6/jul-to-slf4j-2.0.6.jar:/home/christian/.m2/repository/jakarta/annotation/jakarta.annotation-api/2.1.1/jakarta.annotation-api-2.1.1.jar:/home/christian/.m2/repository/org/yaml/snakeyaml/2.2/snakeyaml-2.2.jar:/home/christian/.m2/repository/org/springframework/boot/spring-boot-starter-json/3.2.3/spring-boot-starter-json-3.2.3.jar:/home/christian/.m2/repository/com/fasterxml/jackson/core/jackson-databind/2.15.4/jackson-databind-2.15.4.jar:/home/christian/.m2/repository/com/fasterxml/jackson/core/jackson-annotations/2.15.4/jackson-annotations-2.15.4.jar:/home/christian/.m2/repository/com/fasterxml/jackson/core/jackson-core/2.15.4/jackson-core-2.15.4.jar:/home/christian/.m2/repository/com/fasterxml/jackson/datatype/jackson-datatype-jdk8/2.15.4/jackson-datatype-jdk8-2.15.4.jar:/home/christian/.m2/repository/com/fasterxml/jackson/datatype/jackson-datatype-jsr310/2.15.4/jackson-datatype-jsr310-2.15.4.jar:/home/christian/.m2/repository/com/fasterxml/jackson/module/jackson-module-parameter-names/2.15.4/jackson-module-parameter-names-2.15.4.jar:/home/christian/.m2/repository/org/springframework/boot/spring-boot-starter-tomcat/3.2.3/spring-boot-starter-tomcat-3.2.3.jar:/home/christian/.m2/repository/org/apache/tomcat/embed/tomcat-embed-core/10.1.19/tomcat-embed-core-10.1.19.jar:/home/christian/.m2/repository/org/apache/tomcat/embed/tomcat-embed-el/10.1.19/tomcat-embed-el-10.1.19.jar:/home/christian/.m2/repository/org/apache/tomcat/embed/tomcat-embed-websocket/10.1.19/tomcat-embed-websocket-10.1.19.jar:/home/christian/.m2/repository/org/springframework/spring-web/6.1.4/spring-web-6.1.4.jar:/home/christian/.m2/repository/org/springframework/spring-beans/6.1.4/spring-beans-6.1.4.jar:/home/christian/.m2/repository/io/micrometer/micrometer-observation/1.12.3/micrometer-observation-1.12.3.jar:/home/christian/.m2/repository/io/micrometer/micrometer-commons/1.12.3/micrometer-commons-1.12.3.jar:/home/christian/.m2/repository/org/springframework/spring-webmvc/6.1.4/spring-webmvc-6.1.4.jar:/home/christian/.m2/repository/org/springframework/spring-aop/6.1.4/spring-aop-6.1.4.jar:/home/christian/.m2/repository/org/springframework/spring-context/6.1.4/spring-context-6.1.4.jar:/home/christian/.m2/repository/org/springframework/spring-expression/6.1.4/spring-expression-6.1.4.jar:/home/christian/.m2/repository/io/cucumber/cucumber-java/7.20.1/cucumber-java-7.20.1.jar:/home/christian/.m2/repository/io/cucumber/cucumber-core/7.20.1/cucumber-core-7.20.1.jar:/home/christian/.m2/repository/io/cucumber/cucumber-gherkin/7.20.1/cucumber-gherkin-7.20.1.jar:/home/christian/.m2/repository/io/cucumber/cucumber-gherkin-messages/7.20.1/cucumber-gherkin-messages-7.20.1.jar:/home/christian/.m2/repository/io/cucumber/gherkin/28.0.0/gherkin-28.0.0.jar:/home/christian/.m2/repository/io/cucumber/messages/24.1.0/messages-24.1.0.jar:/home/christian/.m2/repository/io/cucumber/testng-xml-formatter/0.2.0/testng-xml-formatter-0.2.0.jar:/home/christian/.m2/repository/io/cucumber/query/12.2.0/query-12.2.0.jar:/home/christian/.m2/repository/io/cucumber/tag-expressions/6.1.0/tag-expressions-6.1.0.jar:/home/christian/.m2/repository/io/cucumber/cucumber-expressions/17.1.0/cucumber-expressions-17.1.0.jar:/home/christian/.m2/repository/io/cucumber/datatable/7.20.1/datatable-7.20.1.jar:/home/christian/.m2/repository/io/cucumber/cucumber-plugin/7.20.1/cucumber-plugin-7.20.1.jar:/home/christian/.m2/repository/io/cucumber/docstring/7.20.1/docstring-7.20.1.jar:/home/christian/.m2/repository/io/cucumber/html-formatter/21.7.0/html-formatter-21.7.0.jar:/home/christian/.m2/repository/io/cucumber/junit-xml-formatter/0.5.0/junit-xml-formatter-0.5.0.jar:/home/christian/.m2/repository/io/cucumber/ci-environment/10.0.1/ci-environment-10.0.1.jar:/home/christian/.m2/repository/org/apiguardian/apiguardian-api/1.1.2/apiguardian-api-1.1.2.jar:/home/christian/.m2/repository/org/slf4j/slf4j-api/2.0.9/slf4j-api-2.0.9.jar:/home/christian/.m2/repository/org/springframework/boot/spring-boot-starter-test/3.2.3/spring-boot-starter-test-3.2.3.jar:/home/christian/.m2/repository/org/springframework/boot/spring-boot-test/3.2.3/spring-boot-test-3.2.3.jar:/home/christian/.m2/repository/org/springframework/boot/spring-boot-test-autoconfigure/3.2.3/spring-boot-test-autoconfigure-3.2.3.jar:/home/christian/.m2/repository/com/jayway/jsonpath/json-path/2.9.0/json-path-2.9.0.jar:/home/christian/.m2/repository/jakarta/xml/bind/jakarta.xml.bind-api/4.0.1/jakarta.xml.bind-api-4.0.1.jar:/home/christian/.m2/repository/jakarta/activation/jakarta.activation-api/2.1.2/jakarta.activation-api-2.1.2.jar:/home/christian/.m2/repository/net/minidev/json-smart/2.5.0/json-smart-2.5.0.jar:/home/christian/.m2/repository/net/minidev/accessors-smart/2.5.0/accessors-smart-2.5.0.jar:/home/christian/.m2/repository/org/ow2/asm/asm/9.3/asm-9.3.jar:/home/christian/.m2/repository/org/assertj/assertj-core/3.24.2/assertj-core-3.24.2.jar:/home/christian/.m2/repository/net/bytebuddy/byte-buddy/1.14.12/byte-buddy-1.14.12.jar:/home/christian/.m2/repository/org/awaitility/awaitility/4.2.0/awaitility-4.2.0.jar:/home/christian/.m2/repository/org/hamcrest/hamcrest/2.2/hamcrest-2.2.jar:/home/christian/.m2/repository/org/mockito/mockito-core/5.7.0/mockito-core-5.7.0.jar:/home/christian/.m2/repository/net/bytebuddy/byte-buddy-agent/1.14.12/byte-buddy-agent-1.14.12.jar:/home/christian/.m2/repository/org/objenesis/objenesis/3.3/objenesis-3.3.jar:/home/christian/.m2/repository/org/mockito/mockito-junit-jupiter/5.7.0/mockito-junit-jupiter-5.7.0.jar:/home/christian/.m2/repository/org/skyscreamer/jsonassert/1.5.1/jsonassert-1.5.1.jar:/home/christian/.m2/repository/com/vaadin/external/google/android-json/0.0.20131108.vaadin1/android-json-0.0.20131108.vaadin1.jar:/home/christian/.m2/repository/org/springframework/spring-core/6.1.4/spring-core-6.1.4.jar:/home/christian/.m2/repository/org/springframework/spring-jcl/6.1.4/spring-jcl-6.1.4.jar:/home/christian/.m2/repository/org/springframework/spring-test/6.1.4/spring-test-6.1.4.jar:/home/christian/.m2/repository/org/xmlunit/xmlunit-core/2.9.1/xmlunit-core-2.9.1.jar:/home/christian/.m2/repository/io/cucumber/cucumber-junit-platform-engine/7.20.1/cucumber-junit-platform-engine-7.20.1.jar:/home/christian/.m2/repository/org/junit/platform/junit-platform-engine/1.11.4/junit-platform-engine-1.11.4.jar:"/>
    <property name="sun.cpu.endian" value="little"/>
    <property name="user.home" value="/home/christian"/>
    <property name="user.language" value="en"/>
    <property name="java.specification.vendor" value="Oracle Corporation"/>
    <property name="java.version.date" value="2024-01-16"/>
    <property name="java.home" value="/home/christian/.sdkman/candidates/java/21.0.2-tem"/>
    <property name="file.separator" value="/"/>
    <property name="basedir" value="/home/christian/Umons/Software_evol/calculator-cucumber-2025"/>
    <property name="java.vm.compressedOopsMode" value="32-bit"/>
    <property name="line.separator" value="&#10;"/>
    <property name="java.specification.name" value="Java Platform API Specification"/>
    <property name="java.vm.specification.vendor" value="Oracle Corporation"/>
    <property name="surefire.real.class.path" value="/home/christian/Umons/Software_evol/calculator-cucumber-2025/target/surefire/surefirebooter-20250511215412780_3.jar"/>
    <property name="sun.management.compiler" value="HotSpot 64-Bit Tiered Compilers"/>
    <property name="java.runtime.version" value="21.0.2+13-LTS"/>
    <property name="user.name" value="christian"/>
    <property name="stdout.encoding" value="UTF-8"/>
    <property name="path.separator" value=":"/>
    <property name="os.version" value="6.11.0-25-generic"/>
    <property name="java.runtime.name" value="OpenJDK Runtime Environment"/>
    <property name="file.encoding" value="UTF-8"/>
    <property name="java.vm.name" value="OpenJDK 64-Bit Server VM"/>
    <property name="java.vendor.version" value="Temurin-21.0.2+13"/>
    <property name="localRepository" value="/home/christian/.m2/repository"/>
    <property name="java.vendor.url.bug" value="https://github.com/adoptium/adoptium-support/issues"/>
    <property name="java.io.tmpdir" value="/tmp"/>
    <property name="java.version" value="21.0.2"/>
    <property name="user.dir" value="/home/christian/Umons/Software_evol/calculator-cucumber-2025"/>
    <property name="os.arch" value="amd64"/>
    <property name="java.vm.specification.name" value="Java Virtual Machine Specification"/>
    <property name="native.encoding" value="UTF-8"/>
    <property name="java.library.path" value="/usr/java/packages/lib:/usr/lib64:/lib64:/lib:/usr/lib"/>
    <property name="java.vm.info" value="mixed mode, sharing"/>
    <property name="stderr.encoding" value="UTF-8"/>
    <property name="java.vendor" value="Eclipse Adoptium"/>
    <property name="java.vm.version" value="21.0.2+13-LTS"/>
    <property name="sun.io.unicode.encoding" value="UnicodeLittle"/>
    <property name="java.class.version" value="65.0"/>
  </properties>
  <testcase name="testNestedParentheses" classname="calculator.TestApi" time="0.122">
    <system-out><![CDATA[21:54:14.741 [main] INFO calculator.service.CalculatorService - ((2 + 3) * (4))
]]></system-out>
  </testcase>
  <testcase name="testSimpleMultiplication" classname="calculator.TestApi" time="0.0">
    <system-out><![CDATA[21:54:14.746 [main] INFO calculator.service.CalculatorService - 2 * 3
]]></system-out>
  </testcase>
  <testcase name="testSimpleAddition" classname="calculator.TestApi" time="0.001">
    <system-out><![CDATA[21:54:14.748 [main] INFO calculator.service.CalculatorService - 2 + 3
]]></system-out>
  </testcase>
  <testcase name="testSimpleSubtraction" classname="calculator.TestApi" time="0.001">
    <system-out><![CDATA[21:54:14.749 [main] INFO calculator.service.CalculatorService - 4 - 3
]]></system-out>
  </testcase>
  <testcase name="testSimpleDivision" classname="calculator.TestApi" time="0.001">
    <system-out><![CDATA[21:54:14.750 [main] INFO calculator.service.CalculatorService - 6 / 3
]]></system-out>
  </testcase>
  <testcase name="testParentheses" classname="calculator.TestApi" time="0.001">
    <system-out><![CDATA[21:54:14.752 [main] INFO calculator.service.CalculatorService - 2 * (3 + 4)
]]></system-out>
  </testcase>
  <testcase name="testDecimalHandling" classname="calculator.TestApi" time="0.001">
    <system-out><![CDATA[21:54:14.753 [main] INFO calculator.service.CalculatorService - 2.5 + 3
]]></system-out>
  </testcase>
  <testcase name="testInvalidExpression" classname="calculator.TestApi" time="0.004">
    <system-out><![CDATA[21:54:14.755 [main] INFO calculator.service.CalculatorService - 2 + * 3
21:54:14.755 [main] ERROR calculator.service.CalculatorService - Calculation failed in getRep
java.lang.NullPointerException: Cannot invoke "calculator.values.NumericValue.toString()" because "expr" is null
	at calculator.service.CalculatorService.getRep(CalculatorService.java:30)
	at calculator.TestApi.testInvalidExpression(TestApi.java:72)
	at java.base/jdk.internal.reflect.DirectMethodHandleAccessor.invoke(DirectMethodHandleAccessor.java:103)
	at java.base/java.lang.reflect.Method.invoke(Method.java:580)
	at org.junit.platform.commons.util.ReflectionUtils.invokeMethod(ReflectionUtils.java:767)
	at org.junit.jupiter.engine.execution.MethodInvocation.proceed(MethodInvocation.java:60)
	at org.junit.jupiter.engine.execution.InvocationInterceptorChain$ValidatingInvocation.proceed(InvocationInterceptorChain.java:131)
	at org.junit.jupiter.engine.extension.TimeoutExtension.intercept(TimeoutExtension.java:156)
	at org.junit.jupiter.engine.extension.TimeoutExtension.interceptTestableMethod(TimeoutExtension.java:147)
	at org.junit.jupiter.engine.extension.TimeoutExtension.interceptTestMethod(TimeoutExtension.java:86)
	at org.junit.jupiter.engine.execution.InterceptingExecutableInvoker$ReflectiveInterceptorCall.lambda$ofVoidMethod$0(InterceptingExecutableInvoker.java:103)
	at org.junit.jupiter.engine.execution.InterceptingExecutableInvoker.lambda$invoke$0(InterceptingExecutableInvoker.java:93)
	at org.junit.jupiter.engine.execution.InvocationInterceptorChain$InterceptedInvocation.proceed(InvocationInterceptorChain.java:106)
	at org.junit.jupiter.engine.execution.InvocationInterceptorChain.proceed(InvocationInterceptorChain.java:64)
	at org.junit.jupiter.engine.execution.InvocationInterceptorChain.chainAndInvoke(InvocationInterceptorChain.java:45)
	at org.junit.jupiter.engine.execution.InvocationInterceptorChain.invoke(InvocationInterceptorChain.java:37)
	at org.junit.jupiter.engine.execution.InterceptingExecutableInvoker.invoke(InterceptingExecutableInvoker.java:92)
	at org.junit.jupiter.engine.execution.InterceptingExecutableInvoker.invoke(InterceptingExecutableInvoker.java:86)
	at org.junit.jupiter.engine.descriptor.TestMethodTestDescriptor.lambda$invokeTestMethod$8(TestMethodTestDescriptor.java:217)
	at org.junit.platform.engine.support.hierarchical.ThrowableCollector.execute(ThrowableCollector.java:73)
	at org.junit.jupiter.engine.descriptor.TestMethodTestDescriptor.invokeTestMethod(TestMethodTestDescriptor.java:213)
	at org.junit.jupiter.engine.descriptor.TestMethodTestDescriptor.execute(TestMethodTestDescriptor.java:138)
	at org.junit.jupiter.engine.descriptor.TestMethodTestDescriptor.execute(TestMethodTestDescriptor.java:68)
	at org.junit.platform.engine.support.hierarchical.NodeTestTask.lambda$executeRecursively$6(NodeTestTask.java:156)
	at org.junit.platform.engine.support.hierarchical.ThrowableCollector.execute(ThrowableCollector.java:73)
	at org.junit.platform.engine.support.hierarchical.NodeTestTask.lambda$executeRecursively$8(NodeTestTask.java:146)
	at org.junit.platform.engine.support.hierarchical.Node.around(Node.java:137)
	at org.junit.platform.engine.support.hierarchical.NodeTestTask.lambda$executeRecursively$9(NodeTestTask.java:144)
	at org.junit.platform.engine.support.hierarchical.ThrowableCollector.execute(ThrowableCollector.java:73)
	at org.junit.platform.engine.support.hierarchical.NodeTestTask.executeRecursively(NodeTestTask.java:143)
	at org.junit.platform.engine.support.hierarchical.NodeTestTask.execute(NodeTestTask.java:100)
	at java.base/java.util.ArrayList.forEach(ArrayList.java:1596)
	at org.junit.platform.engine.support.hierarchical.SameThreadHierarchicalTestExecutorService.invokeAll(SameThreadHierarchicalTestExecutorService.java:41)
	at org.junit.platform.engine.support.hierarchical.NodeTestTask.lambda$executeRecursively$6(NodeTestTask.java:160)
	at org.junit.platform.engine.support.hierarchical.ThrowableCollector.execute(ThrowableCollector.java:73)
	at org.junit.platform.engine.support.hierarchical.NodeTestTask.lambda$executeRecursively$8(NodeTestTask.java:146)
	at org.junit.platform.engine.support.hierarchical.Node.around(Node.java:137)
	at org.junit.platform.engine.support.hierarchical.NodeTestTask.lambda$executeRecursively$9(NodeTestTask.java:144)
	at org.junit.platform.engine.support.hierarchical.ThrowableCollector.execute(ThrowableCollector.java:73)
	at org.junit.platform.engine.support.hierarchical.NodeTestTask.executeRecursively(NodeTestTask.java:143)
	at org.junit.platform.engine.support.hierarchical.NodeTestTask.execute(NodeTestTask.java:100)
	at java.base/java.util.ArrayList.forEach(ArrayList.java:1596)
	at org.junit.platform.engine.support.hierarchical.SameThreadHierarchicalTestExecutorService.invokeAll(SameThreadHierarchicalTestExecutorService.java:41)
	at org.junit.platform.engine.support.hierarchical.NodeTestTask.lambda$executeRecursively$6(NodeTestTask.java:160)
	at org.junit.platform.engine.support.hierarchical.ThrowableCollector.execute(ThrowableCollector.java:73)
	at org.junit.platform.engine.support.hierarchical.NodeTestTask.lambda$executeRecursively$8(NodeTestTask.java:146)
	at org.junit.platform.engine.support.hierarchical.Node.around(Node.java:137)
	at org.junit.platform.engine.support.hierarchical.NodeTestTask.lambda$executeRecursively$9(NodeTestTask.java:144)
	at org.junit.platform.engine.support.hierarchical.ThrowableCollector.execute(ThrowableCollector.java:73)
	at org.junit.platform.engine.support.hierarchical.NodeTestTask.executeRecursively(NodeTestTask.java:143)
	at org.junit.platform.engine.support.hierarchical.NodeTestTask.execute(NodeTestTask.java:100)
	at org.junit.platform.engine.support.hierarchical.SameThreadHierarchicalTestExecutorService.submit(SameThreadHierarchicalTestExecutorService.java:35)
	at org.junit.platform.engine.support.hierarchical.HierarchicalTestExecutor.execute(HierarchicalTestExecutor.java:57)
	at org.junit.platform.engine.support.hierarchical.HierarchicalTestEngine.execute(HierarchicalTestEngine.java:54)
	at org.junit.platform.launcher.core.EngineExecutionOrchestrator.execute(EngineExecutionOrchestrator.java:198)
	at org.junit.platform.launcher.core.EngineExecutionOrchestrator.execute(EngineExecutionOrchestrator.java:169)
	at org.junit.platform.launcher.core.EngineExecutionOrchestrator.execute(EngineExecutionOrchestrator.java:93)
	at org.junit.platform.launcher.core.EngineExecutionOrchestrator.lambda$execute$0(EngineExecutionOrchestrator.java:58)
	at org.junit.platform.launcher.core.EngineExecutionOrchestrator.withInterceptedStreams(EngineExecutionOrchestrator.java:141)
	at org.junit.platform.launcher.core.EngineExecutionOrchestrator.execute(EngineExecutionOrchestrator.java:57)
	at org.junit.platform.launcher.core.DefaultLauncher.execute(DefaultLauncher.java:103)
	at org.junit.platform.launcher.core.DefaultLauncher.execute(DefaultLauncher.java:85)
	at org.junit.platform.launcher.core.DelegatingLauncher.execute(DelegatingLauncher.java:47)
	at org.apache.maven.surefire.junitplatform.LazyLauncher.execute(LazyLauncher.java:56)
	at org.apache.maven.surefire.junitplatform.JUnitPlatformProvider.execute(JUnitPlatformProvider.java:184)
	at org.apache.maven.surefire.junitplatform.JUnitPlatformProvider.invokeAllTests(JUnitPlatformProvider.java:148)
	at org.apache.maven.surefire.junitplatform.JUnitPlatformProvider.invoke(JUnitPlatformProvider.java:122)
	at org.apache.maven.surefire.booter.ForkedBooter.runSuitesInProcess(ForkedBooter.java:385)
	at org.apache.maven.surefire.booter.ForkedBooter.execute(ForkedBooter.java:162)
	at org.apache.maven.surefire.booter.ForkedBooter.run(ForkedBooter.java:507)
	at org.apache.maven.surefire.booter.ForkedBooter.main(ForkedBooter.java:495)
]]></system-out>
    <system-err><![CDATA[Error during Infix evaluation:
    Please check your expression and notation
]]></system-err>
  </testcase>
  <testcase name="testNegativeNumbers" classname="calculator.TestApi" time="0.001">
    <system-out><![CDATA[21:54:14.759 [main] INFO calculator.service.CalculatorService - 2 - 3
]]></system-out>
  </testcase>
</testsuite>