<?xml version="1.0" encoding="UTF-8"?>
<testsuite xmlns:xsi="http://www.w3.org/2001/XMLSchema-instance" xsi:noNamespaceSchemaLocation="https://maven.apache.org/surefire/maven-surefire-plugin/xsd/surefire-test-report.xsd" version="3.0.2" name="calculator.CucumberTest" time="1.89" tests="28" errors="0" skipped="0" failures="8">
  <properties>
    <property name="java.specification.version" value="21"/>
    <property name="sun.jnu.encoding" value="UTF-8"/>
    <property name="java.class.path" value="/home/christian/Umons/Software_evol/calculator-cucumber-2025/target/test-classes:/home/christian/Umons/Software_evol/calculator-cucumber-2025/target/classes:/home/christian/.m2/repository/org/junit/jupiter/junit-jupiter/5.11.4/junit-jupiter-5.11.4.jar:/home/christian/.m2/repository/org/junit/jupiter/junit-jupiter-api/5.11.4/junit-jupiter-api-5.11.4.jar:/home/christian/.m2/repository/org/opentest4j/opentest4j/1.3.0/opentest4j-1.3.0.jar:/home/christian/.m2/repository/org/junit/platform/junit-platform-commons/1.11.4/junit-platform-commons-1.11.4.jar:/home/christian/.m2/repository/org/junit/jupiter/junit-jupiter-params/5.11.4/junit-jupiter-params-5.11.4.jar:/home/christian/.m2/repository/org/junit/jupiter/junit-jupiter-engine/5.11.4/junit-jupiter-engine-5.11.4.jar:/home/christian/.m2/repository/org/junit/platform/junit-platform-suite/1.11.4/junit-platform-suite-1.11.4.jar:/home/christian/.m2/repository/org/junit/platform/junit-platform-suite-api/1.11.4/junit-platform-suite-api-1.11.4.jar:/home/christian/.m2/repository/org/junit/platform/junit-platform-suite-engine/1.11.4/junit-platform-suite-engine-1.11.4.jar:/home/christian/.m2/repository/org/junit/platform/junit-platform-suite-commons/1.11.4/junit-platform-suite-commons-1.11.4.jar:/home/christian/.m2/repository/org/junit/platform/junit-platform-launcher/1.11.4/junit-platform-launcher-1.11.4.jar:/home/christian/.m2/repository/org/springframework/boot/spring-boot-starter-web/3.4.4/spring-boot-starter-web-3.4.4.jar:/home/christian/.m2/repository/org/springframework/boot/spring-boot-starter/3.2.3/spring-boot-starter-3.2.3.jar:/home/christian/.m2/repository/org/springframework/boot/spring-boot/3.2.3/spring-boot-3.2.3.jar:/home/christian/.m2/repository/org/springframework/boot/spring-boot-autoconfigure/3.2.3/spring-boot-autoconfigure-3.2.3.jar:/home/christian/.m2/repository/org/springframework/boot/spring-boot-starter-logging/3.2.3/spring-boot-starter-logging-3.2.3.jar:/home/christian/.m2/repository/ch/qos/logback/logback-classic/1.4.5/logback-classic-1.4.5.jar:/home/christian/.m2/repository/ch/qos/logback/logback-core/1.4.5/logback-core-1.4.5.jar:/home/christian/.m2/repository/org/apache/logging/log4j/log4j-to-slf4j/2.21.1/log4j-to-slf4j-2.21.1.jar:/home/christian/.m2/repository/org/apache/logging/log4j/log4j-api/2.21.1/log4j-api-2.21.1.jar:/home/christian/.m2/repository/org/slf4j/jul-to-slf4j/2.0.6/jul-to-slf4j-2.0.6.jar:/home/christian/.m2/repository/jakarta/annotation/jakarta.annotation-api/2.1.1/jakarta.annotation-api-2.1.1.jar:/home/christian/.m2/repository/org/yaml/snakeyaml/2.2/snakeyaml-2.2.jar:/home/christian/.m2/repository/org/springframework/boot/spring-boot-starter-json/3.2.3/spring-boot-starter-json-3.2.3.jar:/home/christian/.m2/repository/com/fasterxml/jackson/core/jackson-databind/2.15.4/jackson-databind-2.15.4.jar:/home/christian/.m2/repository/com/fasterxml/jackson/core/jackson-annotations/2.15.4/jackson-annotations-2.15.4.jar:/home/christian/.m2/repository/com/fasterxml/jackson/core/jackson-core/2.15.4/jackson-core-2.15.4.jar:/home/christian/.m2/repository/com/fasterxml/jackson/datatype/jackson-datatype-jdk8/2.15.4/jackson-datatype-jdk8-2.15.4.jar:/home/christian/.m2/repository/com/fasterxml/jackson/datatype/jackson-datatype-jsr310/2.15.4/jackson-datatype-jsr310-2.15.4.jar:/home/christian/.m2/repository/com/fasterxml/jackson/module/jackson-module-parameter-names/2.15.4/jackson-module-parameter-names-2.15.4.jar:/home/christian/.m2/repository/org/springframework/boot/spring-boot-starter-tomcat/3.2.3/spring-boot-starter-tomcat-3.2.3.jar:/home/christian/.m2/repository/org/apache/tomcat/embed/tomcat-embed-core/10.1.19/tomcat-embed-core-10.1.19.jar:/home/christian/.m2/repository/org/apache/tomcat/embed/tomcat-embed-el/10.1.19/tomcat-embed-el-10.1.19.jar:/home/christian/.m2/repository/org/apache/tomcat/embed/tomcat-embed-websocket/10.1.19/tomcat-embed-websocket-10.1.19.jar:/home/christian/.m2/repository/org/springframework/spring-web/6.1.4/spring-web-6.1.4.jar:/home/christian/.m2/repository/org/springframework/spring-beans/6.1.4/spring-beans-6.1.4.jar:/home/christian/.m2/repository/io/micrometer/micrometer-observation/1.12.3/micrometer-observation-1.12.3.jar:/home/christian/.m2/repository/io/micrometer/micrometer-commons/1.12.3/micrometer-commons-1.12.3.jar:/home/christian/.m2/repository/org/springframework/spring-webmvc/6.1.4/spring-webmvc-6.1.4.jar:/home/christian/.m2/repository/org/springframework/spring-aop/6.1.4/spring-aop-6.1.4.jar:/home/christian/.m2/repository/org/springframework/spring-context/6.1.4/spring-context-6.1.4.jar:/home/christian/.m2/repository/org/springframework/spring-expression/6.1.4/spring-expression-6.1.4.jar:/home/christian/.m2/repository/io/cucumber/cucumber-java/7.20.1/cucumber-java-7.20.1.jar:/home/christian/.m2/repository/io/cucumber/cucumber-core/7.20.1/cucumber-core-7.20.1.jar:/home/christian/.m2/repository/io/cucumber/cucumber-gherkin/7.20.1/cucumber-gherkin-7.20.1.jar:/home/christian/.m2/repository/io/cucumber/cucumber-gherkin-messages/7.20.1/cucumber-gherkin-messages-7.20.1.jar:/home/christian/.m2/repository/io/cucumber/gherkin/28.0.0/gherkin-28.0.0.jar:/home/christian/.m2/repository/io/cucumber/messages/24.1.0/messages-24.1.0.jar:/home/christian/.m2/repository/io/cucumber/testng-xml-formatter/0.2.0/testng-xml-formatter-0.2.0.jar:/home/christian/.m2/repository/io/cucumber/query/12.2.0/query-12.2.0.jar:/home/christian/.m2/repository/io/cucumber/tag-expressions/6.1.0/tag-expressions-6.1.0.jar:/home/christian/.m2/repository/io/cucumber/cucumber-expressions/17.1.0/cucumber-expressions-17.1.0.jar:/home/christian/.m2/repository/io/cucumber/datatable/7.20.1/datatable-7.20.1.jar:/home/christian/.m2/repository/io/cucumber/cucumber-plugin/7.20.1/cucumber-plugin-7.20.1.jar:/home/christian/.m2/repository/io/cucumber/docstring/7.20.1/docstring-7.20.1.jar:/home/christian/.m2/repository/io/cucumber/html-formatter/21.7.0/html-formatter-21.7.0.jar:/home/christian/.m2/repository/io/cucumber/junit-xml-formatter/0.5.0/junit-xml-formatter-0.5.0.jar:/home/christian/.m2/repository/io/cucumber/ci-environment/10.0.1/ci-environment-10.0.1.jar:/home/christian/.m2/repository/org/apiguardian/apiguardian-api/1.1.2/apiguardian-api-1.1.2.jar:/home/christian/.m2/repository/org/slf4j/slf4j-api/2.0.9/slf4j-api-2.0.9.jar:/home/christian/.m2/repository/org/springframework/boot/spring-boot-starter-test/3.2.3/spring-boot-starter-test-3.2.3.jar:/home/christian/.m2/repository/org/springframework/boot/spring-boot-test/3.2.3/spring-boot-test-3.2.3.jar:/home/christian/.m2/repository/org/springframework/boot/spring-boot-test-autoconfigure/3.2.3/spring-boot-test-autoconfigure-3.2.3.jar:/home/christian/.m2/repository/com/jayway/jsonpath/json-path/2.9.0/json-path-2.9.0.jar:/home/christian/.m2/repository/jakarta/xml/bind/jakarta.xml.bind-api/4.0.1/jakarta.xml.bind-api-4.0.1.jar:/home/christian/.m2/repository/jakarta/activation/jakarta.activation-api/2.1.2/jakarta.activation-api-2.1.2.jar:/home/christian/.m2/repository/net/minidev/json-smart/2.5.0/json-smart-2.5.0.jar:/home/christian/.m2/repository/net/minidev/accessors-smart/2.5.0/accessors-smart-2.5.0.jar:/home/christian/.m2/repository/org/ow2/asm/asm/9.3/asm-9.3.jar:/home/christian/.m2/repository/org/assertj/assertj-core/3.24.2/assertj-core-3.24.2.jar:/home/christian/.m2/repository/net/bytebuddy/byte-buddy/1.14.12/byte-buddy-1.14.12.jar:/home/christian/.m2/repository/org/awaitility/awaitility/4.2.0/awaitility-4.2.0.jar:/home/christian/.m2/repository/org/hamcrest/hamcrest/2.2/hamcrest-2.2.jar:/home/christian/.m2/repository/org/mockito/mockito-core/5.7.0/mockito-core-5.7.0.jar:/home/christian/.m2/repository/net/bytebuddy/byte-buddy-agent/1.14.12/byte-buddy-agent-1.14.12.jar:/home/christian/.m2/repository/org/objenesis/objenesis/3.3/objenesis-3.3.jar:/home/christian/.m2/repository/org/mockito/mockito-junit-jupiter/5.7.0/mockito-junit-jupiter-5.7.0.jar:/home/christian/.m2/repository/org/skyscreamer/jsonassert/1.5.1/jsonassert-1.5.1.jar:/home/christian/.m2/repository/com/vaadin/external/google/android-json/0.0.20131108.vaadin1/android-json-0.0.20131108.vaadin1.jar:/home/christian/.m2/repository/org/springframework/spring-core/6.1.4/spring-core-6.1.4.jar:/home/christian/.m2/repository/org/springframework/spring-jcl/6.1.4/spring-jcl-6.1.4.jar:/home/christian/.m2/repository/org/springframework/spring-test/6.1.4/spring-test-6.1.4.jar:/home/christian/.m2/repository/org/xmlunit/xmlunit-core/2.9.1/xmlunit-core-2.9.1.jar:/home/christian/.m2/repository/io/cucumber/cucumber-junit-platform-engine/7.20.1/cucumber-junit-platform-engine-7.20.1.jar:/home/christian/.m2/repository/org/junit/platform/junit-platform-engine/1.11.4/junit-platform-engine-1.11.4.jar:"/>
    <property name="java.vm.vendor" value="Eclipse Adoptium"/>
    <property name="sun.arch.data.model" value="64"/>
    <property name="java.vendor.url" value="https://adoptium.net/"/>
    <property name="user.timezone" value="Europe/Brussels"/>
    <property name="os.name" value="Linux"/>
    <property name="java.vm.specification.version" value="21"/>
    <property name="sun.java.launcher" value="SUN_STANDARD"/>
    <property name="user.country" value="US"/>
    <property name="sun.boot.library.path" value="/home/christian/.sdkman/candidates/java/21.0.2-tem/lib"/>
    <property name="sun.java.command" value="/home/christian/Umons/Software_evol/calculator-cucumber-2025/target/surefire/surefirebooter-20250511215412780_3.jar /home/christian/Umons/Software_evol/calculator-cucumber-2025/target/surefire 2025-05-11T21-54-12_703-jvmRun1 surefire-20250511215412780_1tmp surefire_0-20250511215412780_2tmp"/>
    <property name="jdk.debug" value="release"/>
    <property name="surefire.test.class.path" value="/home/christian/Umons/Software_evol/calculator-cucumber-2025/target/test-classes:/home/christian/Umons/Software_evol/calculator-cucumber-2025/target/classes:/home/christian/.m2/repository/org/junit/jupiter/junit-jupiter/5.11.4/junit-jupiter-5.11.4.jar:/home/christian/.m2/repository/org/junit/jupiter/junit-jupiter-api/5.11.4/junit-jupiter-api-5.11.4.jar:/home/christian/.m2/repository/org/opentest4j/opentest4j/1.3.0/opentest4j-1.3.0.jar:/home/christian/.m2/repository/org/junit/platform/junit-platform-commons/1.11.4/junit-platform-commons-1.11.4.jar:/home/christian/.m2/repository/org/junit/jupiter/junit-jupiter-params/5.11.4/junit-jupiter-params-5.11.4.jar:/home/christian/.m2/repository/org/junit/jupiter/junit-jupiter-engine/5.11.4/junit-jupiter-engine-5.11.4.jar:/home/christian/.m2/repository/org/junit/platform/junit-platform-suite/1.11.4/junit-platform-suite-1.11.4.jar:/home/christian/.m2/repository/org/junit/platform/junit-platform-suite-api/1.11.4/junit-platform-suite-api-1.11.4.jar:/home/christian/.m2/repository/org/junit/platform/junit-platform-suite-engine/1.11.4/junit-platform-suite-engine-1.11.4.jar:/home/christian/.m2/repository/org/junit/platform/junit-platform-suite-commons/1.11.4/junit-platform-suite-commons-1.11.4.jar:/home/christian/.m2/repository/org/junit/platform/junit-platform-launcher/1.11.4/junit-platform-launcher-1.11.4.jar:/home/christian/.m2/repository/org/springframework/boot/spring-boot-starter-web/3.4.4/spring-boot-starter-web-3.4.4.jar:/home/christian/.m2/repository/org/springframework/boot/spring-boot-starter/3.2.3/spring-boot-starter-3.2.3.jar:/home/christian/.m2/repository/org/springframework/boot/spring-boot/3.2.3/spring-boot-3.2.3.jar:/home/christian/.m2/repository/org/springframework/boot/spring-boot-autoconfigure/3.2.3/spring-boot-autoconfigure-3.2.3.jar:/home/christian/.m2/repository/org/springframework/boot/spring-boot-starter-logging/3.2.3/spring-boot-starter-logging-3.2.3.jar:/home/christian/.m2/repository/ch/qos/logback/logback-classic/1.4.5/logback-classic-1.4.5.jar:/home/christian/.m2/repository/ch/qos/logback/logback-core/1.4.5/logback-core-1.4.5.jar:/home/christian/.m2/repository/org/apache/logging/log4j/log4j-to-slf4j/2.21.1/log4j-to-slf4j-2.21.1.jar:/home/christian/.m2/repository/org/apache/logging/log4j/log4j-api/2.21.1/log4j-api-2.21.1.jar:/home/christian/.m2/repository/org/slf4j/jul-to-slf4j/2.0.6/jul-to-slf4j-2.0.6.jar:/home/christian/.m2/repository/jakarta/annotation/jakarta.annotation-api/2.1.1/jakarta.annotation-api-2.1.1.jar:/home/christian/.m2/repository/org/yaml/snakeyaml/2.2/snakeyaml-2.2.jar:/home/christian/.m2/repository/org/springframework/boot/spring-boot-starter-json/3.2.3/spring-boot-starter-json-3.2.3.jar:/home/christian/.m2/repository/com/fasterxml/jackson/core/jackson-databind/2.15.4/jackson-databind-2.15.4.jar:/home/christian/.m2/repository/com/fasterxml/jackson/core/jackson-annotations/2.15.4/jackson-annotations-2.15.4.jar:/home/christian/.m2/repository/com/fasterxml/jackson/core/jackson-core/2.15.4/jackson-core-2.15.4.jar:/home/christian/.m2/repository/com/fasterxml/jackson/datatype/jackson-datatype-jdk8/2.15.4/jackson-datatype-jdk8-2.15.4.jar:/home/christian/.m2/repository/com/fasterxml/jackson/datatype/jackson-datatype-jsr310/2.15.4/jackson-datatype-jsr310-2.15.4.jar:/home/christian/.m2/repository/com/fasterxml/jackson/module/jackson-module-parameter-names/2.15.4/jackson-module-parameter-names-2.15.4.jar:/home/christian/.m2/repository/org/springframework/boot/spring-boot-starter-tomcat/3.2.3/spring-boot-starter-tomcat-3.2.3.jar:/home/christian/.m2/repository/org/apache/tomcat/embed/tomcat-embed-core/10.1.19/tomcat-embed-core-10.1.19.jar:/home/christian/.m2/repository/org/apache/tomcat/embed/tomcat-embed-el/10.1.19/tomcat-embed-el-10.1.19.jar:/home/christian/.m2/repository/org/apache/tomcat/embed/tomcat-embed-websocket/10.1.19/tomcat-embed-websocket-10.1.19.jar:/home/christian/.m2/repository/org/springframework/spring-web/6.1.4/spring-web-6.1.4.jar:/home/christian/.m2/repository/org/springframework/spring-beans/6.1.4/spring-beans-6.1.4.jar:/home/christian/.m2/repository/io/micrometer/micrometer-observation/1.12.3/micrometer-observation-1.12.3.jar:/home/christian/.m2/repository/io/micrometer/micrometer-commons/1.12.3/micrometer-commons-1.12.3.jar:/home/christian/.m2/repository/org/springframework/spring-webmvc/6.1.4/spring-webmvc-6.1.4.jar:/home/christian/.m2/repository/org/springframework/spring-aop/6.1.4/spring-aop-6.1.4.jar:/home/christian/.m2/repository/org/springframework/spring-context/6.1.4/spring-context-6.1.4.jar:/home/christian/.m2/repository/org/springframework/spring-expression/6.1.4/spring-expression-6.1.4.jar:/home/christian/.m2/repository/io/cucumber/cucumber-java/7.20.1/cucumber-java-7.20.1.jar:/home/christian/.m2/repository/io/cucumber/cucumber-core/7.20.1/cucumber-core-7.20.1.jar:/home/christian/.m2/repository/io/cucumber/cucumber-gherkin/7.20.1/cucumber-gherkin-7.20.1.jar:/home/christian/.m2/repository/io/cucumber/cucumber-gherkin-messages/7.20.1/cucumber-gherkin-messages-7.20.1.jar:/home/christian/.m2/repository/io/cucumber/gherkin/28.0.0/gherkin-28.0.0.jar:/home/christian/.m2/repository/io/cucumber/messages/24.1.0/messages-24.1.0.jar:/home/christian/.m2/repository/io/cucumber/testng-xml-formatter/0.2.0/testng-xml-formatter-0.2.0.jar:/home/christian/.m2/repository/io/cucumber/query/12.2.0/query-12.2.0.jar:/home/christian/.m2/repository/io/cucumber/tag-expressions/6.1.0/tag-expressions-6.1.0.jar:/home/christian/.m2/repository/io/cucumber/cucumber-expressions/17.1.0/cucumber-expressions-17.1.0.jar:/home/christian/.m2/repository/io/cucumber/datatable/7.20.1/datatable-7.20.1.jar:/home/christian/.m2/repository/io/cucumber/cucumber-plugin/7.20.1/cucumber-plugin-7.20.1.jar:/home/christian/.m2/repository/io/cucumber/docstring/7.20.1/docstring-7.20.1.jar:/home/christian/.m2/repository/io/cucumber/html-formatter/21.7.0/html-formatter-21.7.0.jar:/home/christian/.m2/repository/io/cucumber/junit-xml-formatter/0.5.0/junit-xml-formatter-0.5.0.jar:/home/christian/.m2/repository/io/cucumber/ci-environment/10.0.1/ci-environment-10.0.1.jar:/home/christian/.m2/repository/org/apiguardian/apiguardian-api/1.1.2/apiguardian-api-1.1.2.jar:/home/christian/.m2/repository/org/slf4j/slf4j-api/2.0.9/slf4j-api-2.0.9.jar:/home/christian/.m2/repository/org/springframework/boot/spring-boot-starter-test/3.2.3/spring-boot-starter-test-3.2.3.jar:/home/christian/.m2/repository/org/springframework/boot/spring-boot-test/3.2.3/spring-boot-test-3.2.3.jar:/home/christian/.m2/repository/org/springframework/boot/spring-boot-test-autoconfigure/3.2.3/spring-boot-test-autoconfigure-3.2.3.jar:/home/christian/.m2/repository/com/jayway/jsonpath/json-path/2.9.0/json-path-2.9.0.jar:/home/christian/.m2/repository/jakarta/xml/bind/jakarta.xml.bind-api/4.0.1/jakarta.xml.bind-api-4.0.1.jar:/home/christian/.m2/repository/jakarta/activation/jakarta.activation-api/2.1.2/jakarta.activation-api-2.1.2.jar:/home/christian/.m2/repository/net/minidev/json-smart/2.5.0/json-smart-2.5.0.jar:/home/christian/.m2/repository/net/minidev/accessors-smart/2.5.0/accessors-smart-2.5.0.jar:/home/christian/.m2/repository/org/ow2/asm/asm/9.3/asm-9.3.jar:/home/christian/.m2/repository/org/assertj/assertj-core/3.24.2/assertj-core-3.24.2.jar:/home/christian/.m2/repository/net/bytebuddy/byte-buddy/1.14.12/byte-buddy-1.14.12.jar:/home/christian/.m2/repository/org/awaitility/awaitility/4.2.0/awaitility-4.2.0.jar:/home/christian/.m2/repository/org/hamcrest/hamcrest/2.2/hamcrest-2.2.jar:/home/christian/.m2/repository/org/mockito/mockito-core/5.7.0/mockito-core-5.7.0.jar:/home/christian/.m2/repository/net/bytebuddy/byte-buddy-agent/1.14.12/byte-buddy-agent-1.14.12.jar:/home/christian/.m2/repository/org/objenesis/objenesis/3.3/objenesis-3.3.jar:/home/christian/.m2/repository/org/mockito/mockito-junit-jupiter/5.7.0/mockito-junit-jupiter-5.7.0.jar:/home/christian/.m2/repository/org/skyscreamer/jsonassert/1.5.1/jsonassert-1.5.1.jar:/home/christian/.m2/repository/com/vaadin/external/google/android-json/0.0.20131108.vaadin1/android-json-0.0.20131108.vaadin1.jar:/home/christian/.m2/repository/org/springframework/spring-core/6.1.4/spring-core-6.1.4.jar:/home/christian/.m2/repository/org/springframework/spring-jcl/6.1.4/spring-jcl-6.1.4.jar:/home/christian/.m2/repository/org/springframework/spring-test/6.1.4/spring-test-6.1.4.jar:/home/christian/.m2/repository/org/xmlunit/xmlunit-core/2.9.1/xmlunit-core-2.9.1.jar:/home/christian/.m2/repository/io/cucumber/cucumber-junit-platform-engine/7.20.1/cucumber-junit-platform-engine-7.20.1.jar:/home/christian/.m2/repository/org/junit/platform/junit-platform-engine/1.11.4/junit-platform-engine-1.11.4.jar:"/>
    <property name="sun.cpu.endian" value="little"/>
    <property name="user.home" value="/home/christian"/>
    <property name="user.language" value="en"/>
    <property name="java.specification.vendor" value="Oracle Corporation"/>
    <property name="java.version.date" value="2024-01-16"/>
    <property name="java.home" value="/home/christian/.sdkman/candidates/java/21.0.2-tem"/>
    <property name="file.separator" value="/"/>
    <property name="basedir" value="/home/christian/Umons/Software_evol/calculator-cucumber-2025"/>
    <property name="java.vm.compressedOopsMode" value="32-bit"/>
    <property name="line.separator" value="&#10;"/>
    <property name="java.specification.name" value="Java Platform API Specification"/>
    <property name="java.vm.specification.vendor" value="Oracle Corporation"/>
    <property name="surefire.real.class.path" value="/home/christian/Umons/Software_evol/calculator-cucumber-2025/target/surefire/surefirebooter-20250511215412780_3.jar"/>
    <property name="sun.management.compiler" value="HotSpot 64-Bit Tiered Compilers"/>
    <property name="java.runtime.version" value="21.0.2+13-LTS"/>
    <property name="user.name" value="christian"/>
    <property name="stdout.encoding" value="UTF-8"/>
    <property name="path.separator" value=":"/>
    <property name="os.version" value="6.11.0-25-generic"/>
    <property name="java.runtime.name" value="OpenJDK Runtime Environment"/>
    <property name="file.encoding" value="UTF-8"/>
    <property name="java.vm.name" value="OpenJDK 64-Bit Server VM"/>
    <property name="java.vendor.version" value="Temurin-21.0.2+13"/>
    <property name="localRepository" value="/home/christian/.m2/repository"/>
    <property name="java.vendor.url.bug" value="https://github.com/adoptium/adoptium-support/issues"/>
    <property name="java.io.tmpdir" value="/tmp"/>
    <property name="java.version" value="21.0.2"/>
    <property name="user.dir" value="/home/christian/Umons/Software_evol/calculator-cucumber-2025"/>
    <property name="os.arch" value="amd64"/>
    <property name="java.vm.specification.name" value="Java Virtual Machine Specification"/>
    <property name="native.encoding" value="UTF-8"/>
    <property name="java.library.path" value="/usr/java/packages/lib:/usr/lib64:/lib64:/lib:/usr/lib"/>
    <property name="java.vm.info" value="mixed mode, sharing"/>
    <property name="stderr.encoding" value="UTF-8"/>
    <property name="java.vendor" value="Eclipse Adoptium"/>
    <property name="java.vm.version" value="21.0.2+13-LTS"/>
    <property name="sun.io.unicode.encoding" value="UnicodeLittle"/>
    <property name="java.class.version" value="65.0"/>
  </properties>
  <testcase name="Integer Arithmetic Expressions - Adding two integer numbers" classname="Integer Arithmetic Expressions" time="0.08">
    <system-out><![CDATA[class calculator.values.IntegerValue
9
]]></system-out>
  </testcase>
  <testcase name="Integer Arithmetic Expressions - Subtracting two integer numbers" classname="Integer Arithmetic Expressions" time="0.01">
    <system-out><![CDATA[class calculator.values.IntegerValue
2
]]></system-out>
  </testcase>
  <testcase name="Integer Arithmetic Expressions - Multiplying two integer numbers" classname="Integer Arithmetic Expressions" time="0.014">
    <system-out><![CDATA[class calculator.values.IntegerValue
35
]]></system-out>
  </testcase>
  <testcase name="Integer Arithmetic Expressions - Dividing two numbers" classname="Integer Arithmetic Expressions" time="0.015">
    <failure message="expected: &lt;1.4&gt; but was: &lt;1.0&gt;" type="org.opentest4j.AssertionFailedError"><![CDATA[org.opentest4j.AssertionFailedError: expected: <1.4> but was: <1.0>
	at calculator.CalculatorSteps.thenTheOperationEvaluatesToDouble(CalculatorSteps.java:235)
	at ✽.the operation evaluates to 1.4(classpath:calculator/calculator.feature:30)
]]></failure>
    <system-out><![CDATA[class calculator.values.IntegerValue
1
]]></system-out>
  </testcase>
  <testcase name="Integer Arithmetic Expressions - Printing the sum of two numbers" classname="Integer Arithmetic Expressions" time="0.01"/>
  <testcase name="Integer Arithmetic Expressions - Evaluation arithmetic operations over a list of integer numbers" classname="Integer Arithmetic Expressions" time="0.015"/>
  <testcase name="Integer Arithmetic Expressions - Adding two real numbers" classname="Integer Arithmetic Expressions" time="0.006">
    <failure message="expected: &lt;6.0&gt; but was: &lt;5.0&gt;" type="org.opentest4j.AssertionFailedError"><![CDATA[org.opentest4j.AssertionFailedError: expected: <6.0> but was: <5.0>
	at calculator.CalculatorSteps.thenTheOperationEvaluatesToDouble(CalculatorSteps.java:235)
	at ✽.the operation evaluates to 6.00(classpath:calculator/calculator.feature:97)
]]></failure>
    <system-out><![CDATA[class calculator.values.IntegerValue
5
]]></system-out>
  </testcase>
  <testcase name="Integer Arithmetic Expressions - Dividing two real numbers" classname="Integer Arithmetic Expressions" time="0.006">
    <failure message="expected: &lt;2.5&gt; but was: &lt;2.0&gt;" type="org.opentest4j.AssertionFailedError"><![CDATA[org.opentest4j.AssertionFailedError: expected: <2.5> but was: <2.0>
	at calculator.CalculatorSteps.thenTheOperationEvaluatesToDouble(CalculatorSteps.java:235)
	at ✽.the operation evaluates to 2.5(classpath:calculator/calculator.feature:103)
]]></failure>
    <system-out><![CDATA[class calculator.values.IntegerValue
2
]]></system-out>
  </testcase>
  <testcase name="Integer Arithmetic Expressions - Adding two complex numbers" classname="Integer Arithmetic Expressions" time="0.006">
    <failure message="Expected result to be a ComplexValue but got: IntegerValue" type="org.opentest4j.AssertionFailedError"><![CDATA[org.opentest4j.AssertionFailedError: Expected result to be a ComplexValue but got: IntegerValue
	at calculator.CalculatorSteps.thenTheOperationEvaluatesToComplexString(CalculatorSteps.java:285)
	at ✽.the operation evaluates to "3.0+5.0i"(classpath:calculator/calculator.feature:109)
]]></failure>
  </testcase>
  <testcase name="Integer Arithmetic Expressions - Multiplying two complex numbers" classname="Integer Arithmetic Expressions" time="0.012">
    <failure message="Expected result to be a ComplexValue but got: IntegerValue" type="org.opentest4j.AssertionFailedError"><![CDATA[org.opentest4j.AssertionFailedError: Expected result to be a ComplexValue but got: IntegerValue
	at calculator.CalculatorSteps.thenTheOperationEvaluatesToComplexString(CalculatorSteps.java:285)
	at ✽.the operation evaluates to "11.0+10.0i"(classpath:calculator/calculator.feature:115)
]]></failure>
  </testcase>
  <testcase name="Integer Arithmetic Expressions - Dividing two complex numbers" classname="Integer Arithmetic Expressions" time="0.006">
    <failure message="Expected result to be a ComplexValue but got: IntegerValue" type="org.opentest4j.AssertionFailedError"><![CDATA[org.opentest4j.AssertionFailedError: Expected result to be a ComplexValue but got: IntegerValue
	at calculator.CalculatorSteps.thenTheOperationEvaluatesToComplexString(CalculatorSteps.java:285)
	at ✽.the operation evaluates to "2.6+0.2i"(classpath:calculator/calculator.feature:121)
]]></failure>
  </testcase>
  <testcase name="Integer Arithmetic Expressions - Converting degrees to radians" classname="Integer Arithmetic Expressions" time="0.005"/>
  <testcase name="Integer Arithmetic Expressions - Adding two integer numbers - Examples - Example #1.1" classname="Integer Arithmetic Expressions - Adding two integer numbers - Examples" time="0.006">
    <system-out><![CDATA[class calculator.values.IntegerValue
9
]]></system-out>
  </testcase>
  <testcase name="Integer Arithmetic Expressions - Adding two integer numbers - Examples - Example #1.2" classname="Integer Arithmetic Expressions - Adding two integer numbers - Examples" time="0.006">
    <system-out><![CDATA[class calculator.values.IntegerValue
8
]]></system-out>
  </testcase>
  <testcase name="Integer Arithmetic Expressions - Dividing two numbers - Examples - Example #1.1" classname="Integer Arithmetic Expressions - Dividing two numbers - Examples" time="0.007">
    <system-out><![CDATA[class calculator.values.IntegerValue
7
]]></system-out>
  </testcase>
  <testcase name="Integer Arithmetic Expressions - Dividing two numbers - Examples - Example #1.2" classname="Integer Arithmetic Expressions - Dividing two numbers - Examples" time="0.009">
    <failure message="expected: &lt;1.4&gt; but was: &lt;1.0&gt;" type="org.opentest4j.AssertionFailedError"><![CDATA[org.opentest4j.AssertionFailedError: expected: <1.4> but was: <1.0>
	at calculator.CalculatorSteps.thenTheOperationEvaluatesToDouble(CalculatorSteps.java:235)
	at ✽.the operation evaluates to 1.4(classpath:calculator/calculator.feature:61)
]]></failure>
    <system-out><![CDATA[class calculator.values.IntegerValue
1
]]></system-out>
  </testcase>
  <testcase name="Integer Arithmetic Expressions - Dividing two numbers - Examples - Example #1.3" classname="Integer Arithmetic Expressions - Dividing two numbers - Examples" time="0.007">
    <failure message="expected: &lt;0.71&gt; but was: &lt;0.0&gt;" type="org.opentest4j.AssertionFailedError"><![CDATA[org.opentest4j.AssertionFailedError: expected: <0.71> but was: <0.0>
	at calculator.CalculatorSteps.thenTheOperationEvaluatesToDouble(CalculatorSteps.java:235)
	at ✽.the operation evaluates to 0.71(classpath:calculator/calculator.feature:61)
]]></failure>
    <system-out><![CDATA[class calculator.values.IntegerValue
0
]]></system-out>
  </testcase>
  <testcase name="Integer Arithmetic Expressions - Evaluating arithmetic operations with two integer parameters - Examples - Example #1.1" classname="Integer Arithmetic Expressions - Evaluating arithmetic operations with two integer parameters - Examples" time="0.007">
    <system-out><![CDATA[class calculator.values.IntegerValue
9
]]></system-out>
  </testcase>
  <testcase name="Integer Arithmetic Expressions - Evaluating arithmetic operations with two integer parameters - Examples - Example #1.2" classname="Integer Arithmetic Expressions - Evaluating arithmetic operations with two integer parameters - Examples" time="0.007">
    <system-out><![CDATA[class calculator.values.IntegerValue
3
]]></system-out>
  </testcase>
  <testcase name="Integer Arithmetic Expressions - Evaluating arithmetic operations with two integer parameters - Examples - Example #1.3" classname="Integer Arithmetic Expressions - Evaluating arithmetic operations with two integer parameters - Examples" time="0.006">
    <system-out><![CDATA[class calculator.values.IntegerValue
14
]]></system-out>
  </testcase>
  <testcase name="Integer Arithmetic Expressions - Evaluating arithmetic operations with two integer parameters - Examples - Example #1.4" classname="Integer Arithmetic Expressions - Evaluating arithmetic operations with two integer parameters - Examples" time="0.005">
    <system-out><![CDATA[class calculator.values.IntegerValue
3
]]></system-out>
  </testcase>
  <testcase name="Integer Arithmetic Expressions - Displaying a composite expression with consistent notation - Examples - Example #1.1" classname="Integer Arithmetic Expressions - Displaying a composite expression with consistent notation - Examples" time="0.009"/>
  <testcase name="Integer Arithmetic Expressions - Displaying a composite expression with consistent notation - Examples - Example #1.2" classname="Integer Arithmetic Expressions - Displaying a composite expression with consistent notation - Examples" time="0.006"/>
  <testcase name="Integer Arithmetic Expressions - Displaying a composite expression with consistent notation - Examples - Example #1.3" classname="Integer Arithmetic Expressions - Displaying a composite expression with consistent notation - Examples" time="0.005"/>
  <testcase name="Integer Arithmetic Expressions - Converting degrees to radians - Examples - Example #1.1" classname="Integer Arithmetic Expressions - Converting degrees to radians - Examples" time="0.004"/>
  <testcase name="Integer Arithmetic Expressions - Converting degrees to radians - Examples - Example #1.2" classname="Integer Arithmetic Expressions - Converting degrees to radians - Examples" time="0.004"/>
  <testcase name="Integer Arithmetic Expressions - Converting degrees to radians - Examples - Example #1.3" classname="Integer Arithmetic Expressions - Converting degrees to radians - Examples" time="0.004"/>
  <testcase name="Integer Arithmetic Expressions - Converting degrees to radians - Examples - Example #1.4" classname="Integer Arithmetic Expressions - Converting degrees to radians - Examples" time="0.004"/>
</testsuite>